<?xml version="1.0" encoding="UTF-8"?>
<testsuite name="nl.tudelft.jpacman.LauncherSmokeTest" tests="1" skipped="0" failures="0" errors="0" timestamp="2022-05-02T12:27:54" hostname="八月" time="1.183">
  <properties/>
  <testcase name="smokeTest()" classname="nl.tudelft.jpacman.LauncherSmokeTest" time="1.183"/>
  <system-out><![CDATA[]]></system-out>
  <system-err><![CDATA[]]></system-err>
</testsuite>
